[1.863s] Invoking command in '/home/anmol/anmol_ws/src/bot_controller': PYTHONPATH=/home/anmol/anmol_ws/build/bot_controller/prefix_override:/home/anmol/anmol_ws/install/bot_controller/lib/python3.10/site-packages:${PYTHONPATH} /usr/bin/python3 setup.py egg_info --egg-base ../../build/bot_controller build --build-base /home/anmol/anmol_ws/build/bot_controller/build install --record /home/anmol/anmol_ws/build/bot_controller/install.log --single-version-externally-managed
[2.102s] running egg_info
[2.103s] writing ../../build/bot_controller/bot_controller.egg-info/PKG-INFO
[2.103s] writing dependency_links to ../../build/bot_controller/bot_controller.egg-info/dependency_links.txt
[2.103s] writing entry points to ../../build/bot_controller/bot_controller.egg-info/entry_points.txt
[2.103s] writing requirements to ../../build/bot_controller/bot_controller.egg-info/requires.txt
[2.104s] writing top-level names to ../../build/bot_controller/bot_controller.egg-info/top_level.txt
[2.105s] reading manifest file '../../build/bot_controller/bot_controller.egg-info/SOURCES.txt'
[2.106s] writing manifest file '../../build/bot_controller/bot_controller.egg-info/SOURCES.txt'
[2.106s] running build
[2.106s] running build_py
[2.107s] running install
[2.107s] /usr/lib/python3/dist-packages/setuptools/command/install.py:34: SetuptoolsDeprecationWarning: setup.py install is deprecated. Use build and pip and other standards-based tools.
[2.107s]   warnings.warn(
[2.107s] running install_lib
[2.108s] running install_data
[2.108s] running install_egg_info
[2.110s] removing '/home/anmol/anmol_ws/install/bot_controller/lib/python3.10/site-packages/bot_controller-0.0.0-py3.10.egg-info' (and everything under it)
[2.110s] Copying ../../build/bot_controller/bot_controller.egg-info to /home/anmol/anmol_ws/install/bot_controller/lib/python3.10/site-packages/bot_controller-0.0.0-py3.10.egg-info
[2.112s] running install_scripts
[2.133s] writing list of installed files to '/home/anmol/anmol_ws/build/bot_controller/install.log'
[2.176s] Invoked command in '/home/anmol/anmol_ws/src/bot_controller' returned '0': PYTHONPATH=/home/anmol/anmol_ws/build/bot_controller/prefix_override:/home/anmol/anmol_ws/install/bot_controller/lib/python3.10/site-packages:${PYTHONPATH} /usr/bin/python3 setup.py egg_info --egg-base ../../build/bot_controller build --build-base /home/anmol/anmol_ws/build/bot_controller/build install --record /home/anmol/anmol_ws/build/bot_controller/install.log --single-version-externally-managed
