[1.806s] Invoking command in '/home/anmol/anmol_ws/src/bot_description': PYTHONPATH=/home/anmol/anmol_ws/build/bot_description/prefix_override:/home/anmol/anmol_ws/install/bot_description/lib/python3.10/site-packages:${PYTHONPATH} /usr/bin/python3 setup.py egg_info --egg-base ../../build/bot_description build --build-base /home/anmol/anmol_ws/build/bot_description/build install --record /home/anmol/anmol_ws/build/bot_description/install.log --single-version-externally-managed
[2.043s] running egg_info
[2.044s] writing ../../build/bot_description/bot_description.egg-info/PKG-INFO
[2.045s] writing dependency_links to ../../build/bot_description/bot_description.egg-info/dependency_links.txt
[2.045s] writing entry points to ../../build/bot_description/bot_description.egg-info/entry_points.txt
[2.045s] writing requirements to ../../build/bot_description/bot_description.egg-info/requires.txt
[2.045s] writing top-level names to ../../build/bot_description/bot_description.egg-info/top_level.txt
[2.047s] reading manifest file '../../build/bot_description/bot_description.egg-info/SOURCES.txt'
[2.047s] adding license file 'LICENSE'
[2.048s] writing manifest file '../../build/bot_description/bot_description.egg-info/SOURCES.txt'
[2.048s] running build
[2.048s] running build_py
[2.048s] running install
[2.048s] /usr/lib/python3/dist-packages/setuptools/command/install.py:34: SetuptoolsDeprecationWarning: setup.py install is deprecated. Use build and pip and other standards-based tools.
[2.048s]   warnings.warn(
[2.049s] running install_lib
[2.050s] running install_data
[2.050s] copying urdf/bot.urdf -> /home/anmol/anmol_ws/install/bot_description/share/bot_description/urdf
[2.051s] running install_egg_info
[2.053s] removing '/home/anmol/anmol_ws/install/bot_description/lib/python3.10/site-packages/bot_description-0.0.0-py3.10.egg-info' (and everything under it)
[2.053s] Copying ../../build/bot_description/bot_description.egg-info to /home/anmol/anmol_ws/install/bot_description/lib/python3.10/site-packages/bot_description-0.0.0-py3.10.egg-info
[2.054s] running install_scripts
[2.077s] writing list of installed files to '/home/anmol/anmol_ws/build/bot_description/install.log'
[2.138s] Invoked command in '/home/anmol/anmol_ws/src/bot_description' returned '0': PYTHONPATH=/home/anmol/anmol_ws/build/bot_description/prefix_override:/home/anmol/anmol_ws/install/bot_description/lib/python3.10/site-packages:${PYTHONPATH} /usr/bin/python3 setup.py egg_info --egg-base ../../build/bot_description build --build-base /home/anmol/anmol_ws/build/bot_description/build install --record /home/anmol/anmol_ws/build/bot_description/install.log --single-version-externally-managed
