[1.700s] Invoking command in '/home/anmol/anmol_ws/src/bot_controller': PYTHONPATH=/home/anmol/anmol_ws/build/bot_controller/prefix_override:/home/anmol/anmol_ws/install/bot_controller/lib/python3.10/site-packages:${PYTHONPATH} /usr/bin/python3 setup.py egg_info --egg-base ../../build/bot_controller build --build-base /home/anmol/anmol_ws/build/bot_controller/build install --record /home/anmol/anmol_ws/build/bot_controller/install.log --single-version-externally-managed
[1.917s] running egg_info
[1.917s] writing ../../build/bot_controller/bot_controller.egg-info/PKG-INFO
[1.918s] writing dependency_links to ../../build/bot_controller/bot_controller.egg-info/dependency_links.txt
[1.918s] writing entry points to ../../build/bot_controller/bot_controller.egg-info/entry_points.txt
[1.918s] writing requirements to ../../build/bot_controller/bot_controller.egg-info/requires.txt
[1.918s] writing top-level names to ../../build/bot_controller/bot_controller.egg-info/top_level.txt
[1.920s] reading manifest file '../../build/bot_controller/bot_controller.egg-info/SOURCES.txt'
[1.928s] writing manifest file '../../build/bot_controller/bot_controller.egg-info/SOURCES.txt'
[1.929s] running build
[1.929s] running build_py
[1.929s] running install
[1.929s] /usr/lib/python3/dist-packages/setuptools/command/install.py:34: SetuptoolsDeprecationWarning: setup.py install is deprecated. Use build and pip and other standards-based tools.
[1.929s]   warnings.warn(
[1.929s] running install_lib
[1.931s] running install_data
[1.932s] running install_egg_info
[1.933s] removing '/home/anmol/anmol_ws/install/bot_controller/lib/python3.10/site-packages/bot_controller-0.0.0-py3.10.egg-info' (and everything under it)
[1.934s] Copying ../../build/bot_controller/bot_controller.egg-info to /home/anmol/anmol_ws/install/bot_controller/lib/python3.10/site-packages/bot_controller-0.0.0-py3.10.egg-info
[1.935s] running install_scripts
[1.959s] Installing filter_scan script to /home/anmol/anmol_ws/install/bot_controller/lib/bot_controller
[1.960s] writing list of installed files to '/home/anmol/anmol_ws/build/bot_controller/install.log'
[1.994s] Invoked command in '/home/anmol/anmol_ws/src/bot_controller' returned '0': PYTHONPATH=/home/anmol/anmol_ws/build/bot_controller/prefix_override:/home/anmol/anmol_ws/install/bot_controller/lib/python3.10/site-packages:${PYTHONPATH} /usr/bin/python3 setup.py egg_info --egg-base ../../build/bot_controller build --build-base /home/anmol/anmol_ws/build/bot_controller/build install --record /home/anmol/anmol_ws/build/bot_controller/install.log --single-version-externally-managed
