[1.629s] Invoking command in '/home/anmol/anmol_ws/src/bot_world': PYTHONPATH=/home/anmol/anmol_ws/build/bot_world/prefix_override:/home/anmol/anmol_ws/install/bot_world/lib/python3.10/site-packages:${PYTHONPATH} /usr/bin/python3 setup.py egg_info --egg-base ../../build/bot_world build --build-base /home/anmol/anmol_ws/build/bot_world/build install --record /home/anmol/anmol_ws/build/bot_world/install.log --single-version-externally-managed
[1.852s] running egg_info
[1.853s] writing ../../build/bot_world/bot_world.egg-info/PKG-INFO
[1.853s] writing dependency_links to ../../build/bot_world/bot_world.egg-info/dependency_links.txt
[1.853s] writing entry points to ../../build/bot_world/bot_world.egg-info/entry_points.txt
[1.853s] writing requirements to ../../build/bot_world/bot_world.egg-info/requires.txt
[1.853s] writing top-level names to ../../build/bot_world/bot_world.egg-info/top_level.txt
[1.855s] reading manifest file '../../build/bot_world/bot_world.egg-info/SOURCES.txt'
[1.856s] writing manifest file '../../build/bot_world/bot_world.egg-info/SOURCES.txt'
[1.856s] running build
[1.856s] running build_py
[1.856s] running install
[1.857s] /usr/lib/python3/dist-packages/setuptools/command/install.py:34: SetuptoolsDeprecationWarning: setup.py install is deprecated. Use build and pip and other standards-based tools.
[1.857s]   warnings.warn(
[1.857s] running install_lib
[1.858s] running install_data
[1.859s] copying urdf/bot.urdf -> /home/anmol/anmol_ws/install/bot_world/share/bot_world/urdf
[1.859s] running install_egg_info
[1.861s] removing '/home/anmol/anmol_ws/install/bot_world/lib/python3.10/site-packages/bot_world-0.0.0-py3.10.egg-info' (and everything under it)
[1.861s] Copying ../../build/bot_world/bot_world.egg-info to /home/anmol/anmol_ws/install/bot_world/lib/python3.10/site-packages/bot_world-0.0.0-py3.10.egg-info
[1.862s] running install_scripts
[1.883s] writing list of installed files to '/home/anmol/anmol_ws/build/bot_world/install.log'
[1.982s] Invoked command in '/home/anmol/anmol_ws/src/bot_world' returned '0': PYTHONPATH=/home/anmol/anmol_ws/build/bot_world/prefix_override:/home/anmol/anmol_ws/install/bot_world/lib/python3.10/site-packages:${PYTHONPATH} /usr/bin/python3 setup.py egg_info --egg-base ../../build/bot_world build --build-base /home/anmol/anmol_ws/build/bot_world/build install --record /home/anmol/anmol_ws/build/bot_world/install.log --single-version-externally-managed
