/home/anmol/anmol_ws/install/bot_world/lib/python3.10/site-packages/bot_world/__init__.py
/home/anmol/anmol_ws/install/bot_world/lib/python3.10/site-packages/bot_world/reading_laser.py
/home/anmol/anmol_ws/install/bot_world/lib/python3.10/site-packages/bot_world/__pycache__/__init__.cpython-310.pyc
/home/anmol/anmol_ws/install/bot_world/lib/python3.10/site-packages/bot_world/__pycache__/reading_laser.cpython-310.pyc
/home/anmol/anmol_ws/install/bot_world/share/ament_index/resource_index/packages/bot_world
/home/anmol/anmol_ws/install/bot_world/share/bot_world/package.xml
/home/anmol/anmol_ws/install/bot_world/share/bot_world/worlds/world_bot.world
/home/anmol/anmol_ws/install/bot_world/share/bot_world/launch/world_bot.launch.py
/home/anmol/anmol_ws/install/bot_world/share/bot_world/urdf/bot.urdf
/home/anmol/anmol_ws/install/bot_world/share/bot_world/meshes/front_caster.stl
/home/anmol/anmol_ws/install/bot_world/share/bot_world/meshes/wheel_r.stl
/home/anmol/anmol_ws/install/bot_world/share/bot_world/meshes/base_link.stl
/home/anmol/anmol_ws/install/bot_world/share/bot_world/meshes/wheel_l.stl
/home/anmol/anmol_ws/install/bot_world/lib/python3.10/site-packages/bot_world-0.0.0-py3.10.egg-info/zip-safe
/home/anmol/anmol_ws/install/bot_world/lib/python3.10/site-packages/bot_world-0.0.0-py3.10.egg-info/dependency_links.txt
/home/anmol/anmol_ws/install/bot_world/lib/python3.10/site-packages/bot_world-0.0.0-py3.10.egg-info/entry_points.txt
/home/anmol/anmol_ws/install/bot_world/lib/python3.10/site-packages/bot_world-0.0.0-py3.10.egg-info/SOURCES.txt
/home/anmol/anmol_ws/install/bot_world/lib/python3.10/site-packages/bot_world-0.0.0-py3.10.egg-info/PKG-INFO
/home/anmol/anmol_ws/install/bot_world/lib/python3.10/site-packages/bot_world-0.0.0-py3.10.egg-info/requires.txt
/home/anmol/anmol_ws/install/bot_world/lib/python3.10/site-packages/bot_world-0.0.0-py3.10.egg-info/top_level.txt
