[0.779s] Invoking command in '/home/anmol/anmol_ws/src/bot_description': PYTHONPATH=/home/anmol/anmol_ws/build/bot_description/prefix_override:/home/anmol/anmol_ws/install/bot_description/lib/python3.10/site-packages:${PYTHONPATH} /usr/bin/python3 setup.py egg_info --egg-base ../../build/bot_description build --build-base /home/anmol/anmol_ws/build/bot_description/build install --record /home/anmol/anmol_ws/build/bot_description/install.log --single-version-externally-managed
[0.998s] running egg_info
[0.998s] writing ../../build/bot_description/bot_description.egg-info/PKG-INFO
[0.999s] writing dependency_links to ../../build/bot_description/bot_description.egg-info/dependency_links.txt
[0.999s] writing entry points to ../../build/bot_description/bot_description.egg-info/entry_points.txt
[0.999s] writing requirements to ../../build/bot_description/bot_description.egg-info/requires.txt
[0.999s] writing top-level names to ../../build/bot_description/bot_description.egg-info/top_level.txt
[1.000s] reading manifest file '../../build/bot_description/bot_description.egg-info/SOURCES.txt'
[1.000s] adding license file 'LICENSE'
[1.001s] writing manifest file '../../build/bot_description/bot_description.egg-info/SOURCES.txt'
[1.001s] running build
[1.001s] running build_py
[1.001s] running install
[1.002s] /usr/lib/python3/dist-packages/setuptools/command/install.py:34: SetuptoolsDeprecationWarning: setup.py install is deprecated. Use build and pip and other standards-based tools.
[1.002s]   warnings.warn(
[1.002s] running install_lib
[1.003s] running install_data
[1.003s] copying urdf/bot.urdf -> /home/anmol/anmol_ws/install/bot_description/share/bot_description/urdf
[1.003s] creating /home/anmol/anmol_ws/install/bot_description/share/bot_description/meshes
[1.003s] copying meshes/front_caster.stl -> /home/anmol/anmol_ws/install/bot_description/share/bot_description/meshes
[1.003s] copying meshes/wheel_r.stl -> /home/anmol/anmol_ws/install/bot_description/share/bot_description/meshes
[1.004s] copying meshes/base_link.stl -> /home/anmol/anmol_ws/install/bot_description/share/bot_description/meshes
[1.004s] copying meshes/wheel_l.stl -> /home/anmol/anmol_ws/install/bot_description/share/bot_description/meshes
[1.004s] running install_egg_info
[1.006s] removing '/home/anmol/anmol_ws/install/bot_description/lib/python3.10/site-packages/bot_description-0.0.0-py3.10.egg-info' (and everything under it)
[1.006s] Copying ../../build/bot_description/bot_description.egg-info to /home/anmol/anmol_ws/install/bot_description/lib/python3.10/site-packages/bot_description-0.0.0-py3.10.egg-info
[1.007s] running install_scripts
[1.026s] writing list of installed files to '/home/anmol/anmol_ws/build/bot_description/install.log'
[1.055s] Invoked command in '/home/anmol/anmol_ws/src/bot_description' returned '0': PYTHONPATH=/home/anmol/anmol_ws/build/bot_description/prefix_override:/home/anmol/anmol_ws/install/bot_description/lib/python3.10/site-packages:${PYTHONPATH} /usr/bin/python3 setup.py egg_info --egg-base ../../build/bot_description build --build-base /home/anmol/anmol_ws/build/bot_description/build install --record /home/anmol/anmol_ws/build/bot_description/install.log --single-version-externally-managed
