[0.971s] DEBUG:colcon:Command line arguments: ['/usr/bin/colcon', 'build']
[0.971s] DEBUG:colcon:Parsed command line arguments: Namespace(log_base=None, log_level=None, verb_name='build', build_base='build', install_base='install', merge_install=False, symlink_install=False, test_result_base=None, continue_on_error=False, executor='parallel', parallel_workers=12, event_handlers=None, ignore_user_meta=False, metas=['./colcon.meta'], base_paths=['.'], packages_ignore=None, packages_ignore_regex=None, paths=None, packages_up_to=None, packages_up_to_regex=None, packages_above=None, packages_above_and_dependencies=None, packages_above_depth=None, packages_select_by_dep=None, packages_skip_by_dep=None, packages_skip_up_to=None, packages_select_build_failed=False, packages_skip_build_finished=False, packages_select_test_failures=False, packages_skip_test_passed=False, packages_select=None, packages_skip=None, packages_select_regex=None, packages_skip_regex=None, packages_start=None, packages_end=None, allow_overriding=[], cmake_args=None, cmake_target=None, cmake_target_skip_unavailable=False, cmake_clean_cache=False, cmake_clean_first=False, cmake_force_configure=False, ament_cmake_args=None, catkin_cmake_args=None, catkin_skip_building_tests=False, verb_parser=<colcon_defaults.argument_parser.defaults.DefaultArgumentsDecorator object at 0x711efb390eb0>, verb_extension=<colcon_core.verb.build.BuildVerb object at 0x711efb3914b0>, main=<bound method BuildVerb.main of <colcon_core.verb.build.BuildVerb object at 0x711efb3914b0>>)
[1.016s] Level 1:colcon.colcon_core.package_discovery:discover_packages(colcon_meta) check parameters
[1.016s] Level 1:colcon.colcon_core.package_discovery:discover_packages(recursive) check parameters
[1.016s] Level 1:colcon.colcon_core.package_discovery:discover_packages(ignore) check parameters
[1.016s] Level 1:colcon.colcon_core.package_discovery:discover_packages(path) check parameters
[1.016s] Level 1:colcon.colcon_core.package_discovery:discover_packages(colcon_meta) discover
[1.016s] Level 1:colcon.colcon_core.package_discovery:discover_packages(recursive) discover
[1.016s] INFO:colcon.colcon_core.package_discovery:Crawling recursively for packages in '/home/anmol/anmol_ws'
[1.016s] Level 1:colcon.colcon_core.package_identification:_identify(.) by extensions ['ignore', 'ignore_ament_install']
[1.017s] Level 1:colcon.colcon_core.package_identification:_identify(.) by extension 'ignore'
[1.017s] Level 1:colcon.colcon_core.package_identification:_identify(.) by extension 'ignore_ament_install'
[1.017s] Level 1:colcon.colcon_core.package_identification:_identify(.) by extensions ['colcon_pkg']
[1.017s] Level 1:colcon.colcon_core.package_identification:_identify(.) by extension 'colcon_pkg'
[1.017s] Level 1:colcon.colcon_core.package_identification:_identify(.) by extensions ['colcon_meta']
[1.017s] Level 1:colcon.colcon_core.package_identification:_identify(.) by extension 'colcon_meta'
[1.017s] Level 1:colcon.colcon_core.package_identification:_identify(.) by extensions ['ros']
[1.017s] Level 1:colcon.colcon_core.package_identification:_identify(.) by extension 'ros'
[1.026s] Level 1:colcon.colcon_core.package_identification:_identify(.) by extensions ['cmake', 'python']
[1.026s] Level 1:colcon.colcon_core.package_identification:_identify(.) by extension 'cmake'
[1.026s] Level 1:colcon.colcon_core.package_identification:_identify(.) by extension 'python'
[1.026s] Level 1:colcon.colcon_core.package_identification:_identify(.) by extensions ['python_setup_py']
[1.026s] Level 1:colcon.colcon_core.package_identification:_identify(.) by extension 'python_setup_py'
[1.026s] Level 1:colcon.colcon_core.package_identification:_identify(build) by extensions ['ignore', 'ignore_ament_install']
[1.026s] Level 1:colcon.colcon_core.package_identification:_identify(build) by extension 'ignore'
[1.026s] Level 1:colcon.colcon_core.package_identification:_identify(build) ignored
[1.026s] Level 1:colcon.colcon_core.package_identification:_identify(install) by extensions ['ignore', 'ignore_ament_install']
[1.026s] Level 1:colcon.colcon_core.package_identification:_identify(install) by extension 'ignore'
[1.026s] Level 1:colcon.colcon_core.package_identification:_identify(install) ignored
[1.026s] Level 1:colcon.colcon_core.package_identification:_identify(log) by extensions ['ignore', 'ignore_ament_install']
[1.027s] Level 1:colcon.colcon_core.package_identification:_identify(log) by extension 'ignore'
[1.027s] Level 1:colcon.colcon_core.package_identification:_identify(log) ignored
[1.027s] Level 1:colcon.colcon_core.package_identification:_identify(src) by extensions ['ignore', 'ignore_ament_install']
[1.027s] Level 1:colcon.colcon_core.package_identification:_identify(src) by extension 'ignore'
[1.027s] Level 1:colcon.colcon_core.package_identification:_identify(src) by extension 'ignore_ament_install'
[1.027s] Level 1:colcon.colcon_core.package_identification:_identify(src) by extensions ['colcon_pkg']
[1.027s] Level 1:colcon.colcon_core.package_identification:_identify(src) by extension 'colcon_pkg'
[1.027s] Level 1:colcon.colcon_core.package_identification:_identify(src) by extensions ['colcon_meta']
[1.027s] Level 1:colcon.colcon_core.package_identification:_identify(src) by extension 'colcon_meta'
[1.027s] Level 1:colcon.colcon_core.package_identification:_identify(src) by extensions ['ros']
[1.027s] Level 1:colcon.colcon_core.package_identification:_identify(src) by extension 'ros'
[1.027s] Level 1:colcon.colcon_core.package_identification:_identify(src) by extensions ['cmake', 'python']
[1.027s] Level 1:colcon.colcon_core.package_identification:_identify(src) by extension 'cmake'
[1.027s] Level 1:colcon.colcon_core.package_identification:_identify(src) by extension 'python'
[1.027s] Level 1:colcon.colcon_core.package_identification:_identify(src) by extensions ['python_setup_py']
[1.027s] Level 1:colcon.colcon_core.package_identification:_identify(src) by extension 'python_setup_py'
[1.027s] Level 1:colcon.colcon_core.package_identification:_identify(src/bot_controller) by extensions ['ignore', 'ignore_ament_install']
[1.027s] Level 1:colcon.colcon_core.package_identification:_identify(src/bot_controller) by extension 'ignore'
[1.027s] Level 1:colcon.colcon_core.package_identification:_identify(src/bot_controller) by extension 'ignore_ament_install'
[1.027s] Level 1:colcon.colcon_core.package_identification:_identify(src/bot_controller) by extensions ['colcon_pkg']
[1.027s] Level 1:colcon.colcon_core.package_identification:_identify(src/bot_controller) by extension 'colcon_pkg'
[1.027s] Level 1:colcon.colcon_core.package_identification:_identify(src/bot_controller) by extensions ['colcon_meta']
[1.027s] Level 1:colcon.colcon_core.package_identification:_identify(src/bot_controller) by extension 'colcon_meta'
[1.028s] Level 1:colcon.colcon_core.package_identification:_identify(src/bot_controller) by extensions ['ros']
[1.028s] Level 1:colcon.colcon_core.package_identification:_identify(src/bot_controller) by extension 'ros'
[1.029s] DEBUG:colcon.colcon_core.package_identification:Package 'src/bot_controller' with type 'ros.ament_python' and name 'bot_controller'
[1.030s] Level 1:colcon.colcon_core.package_identification:_identify(src/bot_description) by extensions ['ignore', 'ignore_ament_install']
[1.030s] Level 1:colcon.colcon_core.package_identification:_identify(src/bot_description) by extension 'ignore'
[1.030s] Level 1:colcon.colcon_core.package_identification:_identify(src/bot_description) by extension 'ignore_ament_install'
[1.030s] Level 1:colcon.colcon_core.package_identification:_identify(src/bot_description) by extensions ['colcon_pkg']
[1.030s] Level 1:colcon.colcon_core.package_identification:_identify(src/bot_description) by extension 'colcon_pkg'
[1.030s] Level 1:colcon.colcon_core.package_identification:_identify(src/bot_description) by extensions ['colcon_meta']
[1.030s] Level 1:colcon.colcon_core.package_identification:_identify(src/bot_description) by extension 'colcon_meta'
[1.030s] Level 1:colcon.colcon_core.package_identification:_identify(src/bot_description) by extensions ['ros']
[1.030s] Level 1:colcon.colcon_core.package_identification:_identify(src/bot_description) by extension 'ros'
[1.030s] DEBUG:colcon.colcon_core.package_identification:Package 'src/bot_description' with type 'ros.ament_python' and name 'bot_description'
[1.031s] Level 1:colcon.colcon_core.package_identification:_identify(src/bot_world) by extensions ['ignore', 'ignore_ament_install']
[1.031s] Level 1:colcon.colcon_core.package_identification:_identify(src/bot_world) by extension 'ignore'
[1.031s] Level 1:colcon.colcon_core.package_identification:_identify(src/bot_world) by extension 'ignore_ament_install'
[1.031s] Level 1:colcon.colcon_core.package_identification:_identify(src/bot_world) by extensions ['colcon_pkg']
[1.031s] Level 1:colcon.colcon_core.package_identification:_identify(src/bot_world) by extension 'colcon_pkg'
[1.031s] Level 1:colcon.colcon_core.package_identification:_identify(src/bot_world) by extensions ['colcon_meta']
[1.031s] Level 1:colcon.colcon_core.package_identification:_identify(src/bot_world) by extension 'colcon_meta'
[1.031s] Level 1:colcon.colcon_core.package_identification:_identify(src/bot_world) by extensions ['ros']
[1.031s] Level 1:colcon.colcon_core.package_identification:_identify(src/bot_world) by extension 'ros'
[1.031s] DEBUG:colcon.colcon_core.package_identification:Package 'src/bot_world' with type 'ros.ament_python' and name 'bot_world'
[1.031s] Level 1:colcon.colcon_core.package_discovery:discover_packages(recursive) using defaults
[1.031s] Level 1:colcon.colcon_core.package_discovery:discover_packages(ignore) discover
[1.031s] Level 1:colcon.colcon_core.package_discovery:discover_packages(ignore) using defaults
[1.031s] Level 1:colcon.colcon_core.package_discovery:discover_packages(path) discover
[1.031s] Level 1:colcon.colcon_core.package_discovery:discover_packages(path) using defaults
[1.120s] Level 1:colcon.colcon_core.package_discovery:discover_packages(prefix_path) check parameters
[1.120s] Level 1:colcon.colcon_core.package_discovery:discover_packages(prefix_path) discover
[1.151s] DEBUG:colcon.colcon_installed_package_information.package_discovery:Found 3 installed packages in /home/anmol/anmol_ws/install
[1.165s] DEBUG:colcon.colcon_installed_package_information.package_discovery:Found 1 installed packages in /home/anmol/project_ws/install
[1.180s] DEBUG:colcon.colcon_installed_package_information.package_discovery:Found 5 installed packages in /home/anmol/autonomous_iit/install
[1.207s] DEBUG:colcon.colcon_installed_package_information.package_discovery:Found 5 installed packages in /home/anmol/nav2_tutorials/install
[1.221s] DEBUG:colcon.colcon_installed_package_information.package_discovery:Found 7 installed packages in /home/anmol/ws_offboard_control/install
[1.238s] DEBUG:colcon.colcon_installed_package_information.package_discovery:Found 352 installed packages in /opt/ros/humble
[1.239s] Level 1:colcon.colcon_core.package_discovery:discover_packages(prefix_path) using defaults
[1.328s] Level 5:colcon.colcon_core.verb:set package 'bot_controller' build argument 'cmake_args' from command line to 'None'
[1.328s] Level 5:colcon.colcon_core.verb:set package 'bot_controller' build argument 'cmake_target' from command line to 'None'
[1.328s] Level 5:colcon.colcon_core.verb:set package 'bot_controller' build argument 'cmake_target_skip_unavailable' from command line to 'False'
[1.328s] Level 5:colcon.colcon_core.verb:set package 'bot_controller' build argument 'cmake_clean_cache' from command line to 'False'
[1.328s] Level 5:colcon.colcon_core.verb:set package 'bot_controller' build argument 'cmake_clean_first' from command line to 'False'
[1.328s] Level 5:colcon.colcon_core.verb:set package 'bot_controller' build argument 'cmake_force_configure' from command line to 'False'
[1.328s] Level 5:colcon.colcon_core.verb:set package 'bot_controller' build argument 'ament_cmake_args' from command line to 'None'
[1.328s] Level 5:colcon.colcon_core.verb:set package 'bot_controller' build argument 'catkin_cmake_args' from command line to 'None'
[1.328s] Level 5:colcon.colcon_core.verb:set package 'bot_controller' build argument 'catkin_skip_building_tests' from command line to 'False'
[1.328s] DEBUG:colcon.colcon_core.verb:Building package 'bot_controller' with the following arguments: {'ament_cmake_args': None, 'build_base': '/home/anmol/anmol_ws/build/bot_controller', 'catkin_cmake_args': None, 'catkin_skip_building_tests': False, 'cmake_args': None, 'cmake_clean_cache': False, 'cmake_clean_first': False, 'cmake_force_configure': False, 'cmake_target': None, 'cmake_target_skip_unavailable': False, 'install_base': '/home/anmol/anmol_ws/install/bot_controller', 'merge_install': False, 'path': '/home/anmol/anmol_ws/src/bot_controller', 'symlink_install': False, 'test_result_base': None}
[1.342s] Level 5:colcon.colcon_core.verb:set package 'bot_description' build argument 'cmake_args' from command line to 'None'
[1.342s] Level 5:colcon.colcon_core.verb:set package 'bot_description' build argument 'cmake_target' from command line to 'None'
[1.342s] Level 5:colcon.colcon_core.verb:set package 'bot_description' build argument 'cmake_target_skip_unavailable' from command line to 'False'
[1.342s] Level 5:colcon.colcon_core.verb:set package 'bot_description' build argument 'cmake_clean_cache' from command line to 'False'
[1.342s] Level 5:colcon.colcon_core.verb:set package 'bot_description' build argument 'cmake_clean_first' from command line to 'False'
[1.342s] Level 5:colcon.colcon_core.verb:set package 'bot_description' build argument 'cmake_force_configure' from command line to 'False'
[1.342s] Level 5:colcon.colcon_core.verb:set package 'bot_description' build argument 'ament_cmake_args' from command line to 'None'
[1.342s] Level 5:colcon.colcon_core.verb:set package 'bot_description' build argument 'catkin_cmake_args' from command line to 'None'
[1.342s] Level 5:colcon.colcon_core.verb:set package 'bot_description' build argument 'catkin_skip_building_tests' from command line to 'False'
[1.342s] DEBUG:colcon.colcon_core.verb:Building package 'bot_description' with the following arguments: {'ament_cmake_args': None, 'build_base': '/home/anmol/anmol_ws/build/bot_description', 'catkin_cmake_args': None, 'catkin_skip_building_tests': False, 'cmake_args': None, 'cmake_clean_cache': False, 'cmake_clean_first': False, 'cmake_force_configure': False, 'cmake_target': None, 'cmake_target_skip_unavailable': False, 'install_base': '/home/anmol/anmol_ws/install/bot_description', 'merge_install': False, 'path': '/home/anmol/anmol_ws/src/bot_description', 'symlink_install': False, 'test_result_base': None}
[1.357s] Level 5:colcon.colcon_core.verb:set package 'bot_world' build argument 'cmake_args' from command line to 'None'
[1.357s] Level 5:colcon.colcon_core.verb:set package 'bot_world' build argument 'cmake_target' from command line to 'None'
[1.357s] Level 5:colcon.colcon_core.verb:set package 'bot_world' build argument 'cmake_target_skip_unavailable' from command line to 'False'
[1.357s] Level 5:colcon.colcon_core.verb:set package 'bot_world' build argument 'cmake_clean_cache' from command line to 'False'
[1.357s] Level 5:colcon.colcon_core.verb:set package 'bot_world' build argument 'cmake_clean_first' from command line to 'False'
[1.357s] Level 5:colcon.colcon_core.verb:set package 'bot_world' build argument 'cmake_force_configure' from command line to 'False'
[1.357s] Level 5:colcon.colcon_core.verb:set package 'bot_world' build argument 'ament_cmake_args' from command line to 'None'
[1.357s] Level 5:colcon.colcon_core.verb:set package 'bot_world' build argument 'catkin_cmake_args' from command line to 'None'
[1.357s] Level 5:colcon.colcon_core.verb:set package 'bot_world' build argument 'catkin_skip_building_tests' from command line to 'False'
[1.357s] DEBUG:colcon.colcon_core.verb:Building package 'bot_world' with the following arguments: {'ament_cmake_args': None, 'build_base': '/home/anmol/anmol_ws/build/bot_world', 'catkin_cmake_args': None, 'catkin_skip_building_tests': False, 'cmake_args': None, 'cmake_clean_cache': False, 'cmake_clean_first': False, 'cmake_force_configure': False, 'cmake_target': None, 'cmake_target_skip_unavailable': False, 'install_base': '/home/anmol/anmol_ws/install/bot_world', 'merge_install': False, 'path': '/home/anmol/anmol_ws/src/bot_world', 'symlink_install': False, 'test_result_base': None}
[1.371s] INFO:colcon.colcon_core.executor:Executing jobs using 'parallel' executor
[1.387s] DEBUG:colcon.colcon_parallel_executor.executor.parallel:run_until_complete
[1.387s] INFO:colcon.colcon_ros.task.ament_python.build:Building ROS package in '/home/anmol/anmol_ws/src/bot_controller' with build type 'ament_python'
[1.387s] Level 1:colcon.colcon_core.shell:create_environment_hook('bot_controller', 'ament_prefix_path')
[1.403s] INFO:colcon.colcon_core.plugin_system:Skipping extension 'colcon_core.shell.bat': Not used on non-Windows systems
[1.403s] INFO:colcon.colcon_core.shell:Creating environment hook '/home/anmol/anmol_ws/install/bot_controller/share/bot_controller/hook/ament_prefix_path.ps1'
[1.404s] INFO:colcon.colcon_core.shell:Creating environment descriptor '/home/anmol/anmol_ws/install/bot_controller/share/bot_controller/hook/ament_prefix_path.dsv'
[1.404s] INFO:colcon.colcon_core.shell:Creating environment hook '/home/anmol/anmol_ws/install/bot_controller/share/bot_controller/hook/ament_prefix_path.sh'
[1.419s] INFO:colcon.colcon_core.shell:Skip shell extension 'powershell' for command environment: Not usable outside of PowerShell
[1.419s] DEBUG:colcon.colcon_core.shell:Skip shell extension 'dsv' for command environment
[1.522s] INFO:colcon.colcon_ros.task.ament_python.build:Building ROS package in '/home/anmol/anmol_ws/src/bot_description' with build type 'ament_python'
[1.522s] Level 1:colcon.colcon_core.shell:create_environment_hook('bot_description', 'ament_prefix_path')
[1.537s] INFO:colcon.colcon_core.shell:Creating environment hook '/home/anmol/anmol_ws/install/bot_description/share/bot_description/hook/ament_prefix_path.ps1'
[1.538s] INFO:colcon.colcon_core.shell:Creating environment descriptor '/home/anmol/anmol_ws/install/bot_description/share/bot_description/hook/ament_prefix_path.dsv'
[1.538s] INFO:colcon.colcon_core.shell:Creating environment hook '/home/anmol/anmol_ws/install/bot_description/share/bot_description/hook/ament_prefix_path.sh'
[1.553s] INFO:colcon.colcon_core.shell:Skip shell extension 'powershell' for command environment: Not usable outside of PowerShell
[1.553s] DEBUG:colcon.colcon_core.shell:Skip shell extension 'dsv' for command environment
[1.660s] INFO:colcon.colcon_ros.task.ament_python.build:Building ROS package in '/home/anmol/anmol_ws/src/bot_world' with build type 'ament_python'
[1.661s] Level 1:colcon.colcon_core.shell:create_environment_hook('bot_world', 'ament_prefix_path')
[1.675s] INFO:colcon.colcon_core.shell:Creating environment hook '/home/anmol/anmol_ws/install/bot_world/share/bot_world/hook/ament_prefix_path.ps1'
[1.676s] INFO:colcon.colcon_core.shell:Creating environment descriptor '/home/anmol/anmol_ws/install/bot_world/share/bot_world/hook/ament_prefix_path.dsv'
[1.676s] INFO:colcon.colcon_core.shell:Creating environment hook '/home/anmol/anmol_ws/install/bot_world/share/bot_world/hook/ament_prefix_path.sh'
[1.691s] INFO:colcon.colcon_core.shell:Skip shell extension 'powershell' for command environment: Not usable outside of PowerShell
[1.691s] DEBUG:colcon.colcon_core.shell:Skip shell extension 'dsv' for command environment
[2.044s] INFO:colcon.colcon_core.task.python.build:Building Python package in '/home/anmol/anmol_ws/src/bot_controller'
[2.059s] INFO:colcon.colcon_core.shell:Skip shell extension 'powershell' for command environment: Not usable outside of PowerShell
[2.059s] DEBUG:colcon.colcon_core.shell:Skip shell extension 'dsv' for command environment
[2.433s] INFO:colcon.colcon_core.task.python.build:Building Python package in '/home/anmol/anmol_ws/src/bot_description'
[2.448s] INFO:colcon.colcon_core.shell:Skip shell extension 'powershell' for command environment: Not usable outside of PowerShell
[2.448s] DEBUG:colcon.colcon_core.shell:Skip shell extension 'dsv' for command environment
[2.844s] INFO:colcon.colcon_core.task.python.build:Building Python package in '/home/anmol/anmol_ws/src/bot_world'
[2.859s] INFO:colcon.colcon_core.shell:Skip shell extension 'powershell' for command environment: Not usable outside of PowerShell
[2.859s] DEBUG:colcon.colcon_core.shell:Skip shell extension 'dsv' for command environment
[3.309s] DEBUG:colcon.colcon_core.event_handler.log_command:Invoking command in '/home/anmol/anmol_ws/src/bot_controller': PYTHONPATH=/home/anmol/anmol_ws/build/bot_controller/prefix_override:/home/anmol/anmol_ws/install/bot_controller/lib/python3.10/site-packages:${PYTHONPATH} /usr/bin/python3 setup.py egg_info --egg-base ../../build/bot_controller build --build-base /home/anmol/anmol_ws/build/bot_controller/build install --record /home/anmol/anmol_ws/build/bot_controller/install.log --single-version-externally-managed
[3.329s] DEBUG:colcon.colcon_core.event_handler.log_command:Invoking command in '/home/anmol/anmol_ws/src/bot_description': PYTHONPATH=/home/anmol/anmol_ws/build/bot_description/prefix_override:/home/anmol/anmol_ws/install/bot_description/lib/python3.10/site-packages:${PYTHONPATH} /usr/bin/python3 setup.py egg_info --egg-base ../../build/bot_description build --build-base /home/anmol/anmol_ws/build/bot_description/build install --record /home/anmol/anmol_ws/build/bot_description/install.log --single-version-externally-managed
[3.333s] DEBUG:colcon.colcon_core.event_handler.log_command:Invoking command in '/home/anmol/anmol_ws/src/bot_world': PYTHONPATH=/home/anmol/anmol_ws/build/bot_world/prefix_override:/home/anmol/anmol_ws/install/bot_world/lib/python3.10/site-packages:${PYTHONPATH} /usr/bin/python3 setup.py egg_info --egg-base ../../build/bot_world build --build-base /home/anmol/anmol_ws/build/bot_world/build install --record /home/anmol/anmol_ws/build/bot_world/install.log --single-version-externally-managed
[3.607s] DEBUG:colcon.colcon_core.event_handler.log_command:Invoked command in '/home/anmol/anmol_ws/src/bot_controller' returned '0': PYTHONPATH=/home/anmol/anmol_ws/build/bot_controller/prefix_override:/home/anmol/anmol_ws/install/bot_controller/lib/python3.10/site-packages:${PYTHONPATH} /usr/bin/python3 setup.py egg_info --egg-base ../../build/bot_controller build --build-base /home/anmol/anmol_ws/build/bot_controller/build install --record /home/anmol/anmol_ws/build/bot_controller/install.log --single-version-externally-managed
[3.624s] Level 1:colcon.colcon_core.environment:checking '/home/anmol/anmol_ws/install/bot_controller' for CMake module files
[3.624s] Level 1:colcon.colcon_core.environment:checking '/home/anmol/anmol_ws/install/bot_controller' for CMake config files
[3.625s] Level 1:colcon.colcon_core.environment:checking '/home/anmol/anmol_ws/install/bot_controller/lib'
[3.625s] Level 1:colcon.colcon_core.environment:checking '/home/anmol/anmol_ws/install/bot_controller/bin'
[3.625s] Level 1:colcon.colcon_core.environment:checking '/home/anmol/anmol_ws/install/bot_controller/lib/pkgconfig/bot_controller.pc'
[3.625s] Level 1:colcon.colcon_core.environment:checking '/home/anmol/anmol_ws/install/bot_controller/lib/python3.10/site-packages'
[3.625s] Level 1:colcon.colcon_core.shell:create_environment_hook('bot_controller', 'pythonpath')
[3.640s] INFO:colcon.colcon_core.shell:Creating environment hook '/home/anmol/anmol_ws/install/bot_controller/share/bot_controller/hook/pythonpath.ps1'
[3.640s] INFO:colcon.colcon_core.shell:Creating environment descriptor '/home/anmol/anmol_ws/install/bot_controller/share/bot_controller/hook/pythonpath.dsv'
[3.641s] INFO:colcon.colcon_core.shell:Creating environment hook '/home/anmol/anmol_ws/install/bot_controller/share/bot_controller/hook/pythonpath.sh'
[3.641s] Level 1:colcon.colcon_core.environment:checking '/home/anmol/anmol_ws/install/bot_controller/bin'
[3.641s] Level 1:colcon.colcon_core.environment:create_environment_scripts_only(bot_controller)
[3.656s] INFO:colcon.colcon_core.shell:Creating package script '/home/anmol/anmol_ws/install/bot_controller/share/bot_controller/package.ps1'
[3.657s] INFO:colcon.colcon_core.shell:Creating package descriptor '/home/anmol/anmol_ws/install/bot_controller/share/bot_controller/package.dsv'
[3.657s] INFO:colcon.colcon_core.shell:Creating package script '/home/anmol/anmol_ws/install/bot_controller/share/bot_controller/package.sh'
[3.658s] INFO:colcon.colcon_core.shell:Creating package script '/home/anmol/anmol_ws/install/bot_controller/share/bot_controller/package.bash'
[3.659s] INFO:colcon.colcon_core.shell:Creating package script '/home/anmol/anmol_ws/install/bot_controller/share/bot_controller/package.zsh'
[3.659s] Level 1:colcon.colcon_core.environment:create_file_with_runtime_dependencies(/home/anmol/anmol_ws/install/bot_controller/share/colcon-core/packages/bot_controller)
[3.661s] DEBUG:colcon.colcon_core.event_handler.log_command:Invoked command in '/home/anmol/anmol_ws/src/bot_description' returned '0': PYTHONPATH=/home/anmol/anmol_ws/build/bot_description/prefix_override:/home/anmol/anmol_ws/install/bot_description/lib/python3.10/site-packages:${PYTHONPATH} /usr/bin/python3 setup.py egg_info --egg-base ../../build/bot_description build --build-base /home/anmol/anmol_ws/build/bot_description/build install --record /home/anmol/anmol_ws/build/bot_description/install.log --single-version-externally-managed
[3.677s] Level 1:colcon.colcon_core.environment:checking '/home/anmol/anmol_ws/install/bot_description' for CMake module files
[3.677s] Level 1:colcon.colcon_core.environment:checking '/home/anmol/anmol_ws/install/bot_description' for CMake config files
[3.678s] Level 1:colcon.colcon_core.environment:checking '/home/anmol/anmol_ws/install/bot_description/lib'
[3.678s] Level 1:colcon.colcon_core.environment:checking '/home/anmol/anmol_ws/install/bot_description/bin'
[3.678s] Level 1:colcon.colcon_core.environment:checking '/home/anmol/anmol_ws/install/bot_description/lib/pkgconfig/bot_description.pc'
[3.678s] Level 1:colcon.colcon_core.environment:checking '/home/anmol/anmol_ws/install/bot_description/lib/python3.10/site-packages'
[3.678s] Level 1:colcon.colcon_core.shell:create_environment_hook('bot_description', 'pythonpath')
[3.693s] INFO:colcon.colcon_core.shell:Creating environment hook '/home/anmol/anmol_ws/install/bot_description/share/bot_description/hook/pythonpath.ps1'
[3.693s] INFO:colcon.colcon_core.shell:Creating environment descriptor '/home/anmol/anmol_ws/install/bot_description/share/bot_description/hook/pythonpath.dsv'
[3.694s] INFO:colcon.colcon_core.shell:Creating environment hook '/home/anmol/anmol_ws/install/bot_description/share/bot_description/hook/pythonpath.sh'
[3.694s] Level 1:colcon.colcon_core.environment:checking '/home/anmol/anmol_ws/install/bot_description/bin'
[3.694s] Level 1:colcon.colcon_core.environment:create_environment_scripts_only(bot_description)
[3.711s] INFO:colcon.colcon_core.shell:Creating package script '/home/anmol/anmol_ws/install/bot_description/share/bot_description/package.ps1'
[3.711s] INFO:colcon.colcon_core.shell:Creating package descriptor '/home/anmol/anmol_ws/install/bot_description/share/bot_description/package.dsv'
[3.712s] INFO:colcon.colcon_core.shell:Creating package script '/home/anmol/anmol_ws/install/bot_description/share/bot_description/package.sh'
[3.712s] INFO:colcon.colcon_core.shell:Creating package script '/home/anmol/anmol_ws/install/bot_description/share/bot_description/package.bash'
[3.712s] INFO:colcon.colcon_core.shell:Creating package script '/home/anmol/anmol_ws/install/bot_description/share/bot_description/package.zsh'
[3.713s] Level 1:colcon.colcon_core.environment:create_file_with_runtime_dependencies(/home/anmol/anmol_ws/install/bot_description/share/colcon-core/packages/bot_description)
[3.714s] DEBUG:colcon.colcon_core.event_handler.log_command:Invoked command in '/home/anmol/anmol_ws/src/bot_world' returned '0': PYTHONPATH=/home/anmol/anmol_ws/build/bot_world/prefix_override:/home/anmol/anmol_ws/install/bot_world/lib/python3.10/site-packages:${PYTHONPATH} /usr/bin/python3 setup.py egg_info --egg-base ../../build/bot_world build --build-base /home/anmol/anmol_ws/build/bot_world/build install --record /home/anmol/anmol_ws/build/bot_world/install.log --single-version-externally-managed
[3.729s] Level 1:colcon.colcon_core.environment:checking '/home/anmol/anmol_ws/install/bot_world' for CMake module files
[3.729s] Level 1:colcon.colcon_core.environment:checking '/home/anmol/anmol_ws/install/bot_world' for CMake config files
[3.730s] Level 1:colcon.colcon_core.environment:checking '/home/anmol/anmol_ws/install/bot_world/lib'
[3.730s] Level 1:colcon.colcon_core.environment:checking '/home/anmol/anmol_ws/install/bot_world/bin'
[3.730s] Level 1:colcon.colcon_core.environment:checking '/home/anmol/anmol_ws/install/bot_world/lib/pkgconfig/bot_world.pc'
[3.730s] Level 1:colcon.colcon_core.environment:checking '/home/anmol/anmol_ws/install/bot_world/lib/python3.10/site-packages'
[3.730s] Level 1:colcon.colcon_core.shell:create_environment_hook('bot_world', 'pythonpath')
[3.746s] INFO:colcon.colcon_core.shell:Creating environment hook '/home/anmol/anmol_ws/install/bot_world/share/bot_world/hook/pythonpath.ps1'
[3.746s] INFO:colcon.colcon_core.shell:Creating environment descriptor '/home/anmol/anmol_ws/install/bot_world/share/bot_world/hook/pythonpath.dsv'
[3.747s] INFO:colcon.colcon_core.shell:Creating environment hook '/home/anmol/anmol_ws/install/bot_world/share/bot_world/hook/pythonpath.sh'
[3.747s] Level 1:colcon.colcon_core.environment:checking '/home/anmol/anmol_ws/install/bot_world/bin'
[3.747s] Level 1:colcon.colcon_core.environment:create_environment_scripts_only(bot_world)
[3.762s] INFO:colcon.colcon_core.shell:Creating package script '/home/anmol/anmol_ws/install/bot_world/share/bot_world/package.ps1'
[3.762s] INFO:colcon.colcon_core.shell:Creating package descriptor '/home/anmol/anmol_ws/install/bot_world/share/bot_world/package.dsv'
[3.763s] INFO:colcon.colcon_core.shell:Creating package script '/home/anmol/anmol_ws/install/bot_world/share/bot_world/package.sh'
[3.763s] INFO:colcon.colcon_core.shell:Creating package script '/home/anmol/anmol_ws/install/bot_world/share/bot_world/package.bash'
[3.763s] INFO:colcon.colcon_core.shell:Creating package script '/home/anmol/anmol_ws/install/bot_world/share/bot_world/package.zsh'
[3.764s] Level 1:colcon.colcon_core.environment:create_file_with_runtime_dependencies(/home/anmol/anmol_ws/install/bot_world/share/colcon-core/packages/bot_world)
[3.764s] DEBUG:colcon.colcon_parallel_executor.executor.parallel:closing loop
[3.764s] DEBUG:colcon.colcon_parallel_executor.executor.parallel:loop closed
[3.764s] DEBUG:colcon.colcon_parallel_executor.executor.parallel:run_until_complete finished with '0'
[3.764s] DEBUG:colcon.colcon_core.event_reactor:joining thread
[3.784s] INFO:colcon.colcon_core.plugin_system:Skipping extension 'colcon_notification.desktop_notification.terminal_notifier': Not used on non-Darwin systems
[3.784s] INFO:colcon.colcon_core.plugin_system:Skipping extension 'colcon_notification.desktop_notification.win32': Not used on non-Windows systems
[3.784s] INFO:colcon.colcon_notification.desktop_notification:Sending desktop notification using 'notify2'
[3.795s] DEBUG:colcon.colcon_core.event_reactor:joined thread
[3.811s] INFO:colcon.colcon_core.shell:Creating prefix script '/home/anmol/anmol_ws/install/local_setup.ps1'
[3.812s] INFO:colcon.colcon_core.shell:Creating prefix util module '/home/anmol/anmol_ws/install/_local_setup_util_ps1.py'
[3.813s] INFO:colcon.colcon_core.shell:Creating prefix chain script '/home/anmol/anmol_ws/install/setup.ps1'
[3.829s] INFO:colcon.colcon_core.shell:Creating prefix script '/home/anmol/anmol_ws/install/local_setup.sh'
[3.830s] INFO:colcon.colcon_core.shell:Creating prefix util module '/home/anmol/anmol_ws/install/_local_setup_util_sh.py'
[3.830s] INFO:colcon.colcon_core.shell:Creating prefix chain script '/home/anmol/anmol_ws/install/setup.sh'
[3.847s] INFO:colcon.colcon_core.shell:Creating prefix script '/home/anmol/anmol_ws/install/local_setup.bash'
[3.847s] INFO:colcon.colcon_core.shell:Creating prefix chain script '/home/anmol/anmol_ws/install/setup.bash'
[3.863s] INFO:colcon.colcon_core.shell:Creating prefix script '/home/anmol/anmol_ws/install/local_setup.zsh'
[3.863s] INFO:colcon.colcon_core.shell:Creating prefix chain script '/home/anmol/anmol_ws/install/setup.zsh'
