[1.156s] Invoking command in '/home/anmol/anmol_ws/src/bot_description': PYTHONPATH=/home/anmol/anmol_ws/build/bot_description/prefix_override:/home/anmol/anmol_ws/install/bot_description/lib/python3.10/site-packages:${PYTHONPATH} /usr/bin/python3 setup.py egg_info --egg-base ../../build/bot_description build --build-base /home/anmol/anmol_ws/build/bot_description/build install --record /home/anmol/anmol_ws/build/bot_description/install.log --single-version-externally-managed
[1.477s] running egg_info
[1.477s] creating ../../build/bot_description/bot_description.egg-info
[1.478s] writing ../../build/bot_description/bot_description.egg-info/PKG-INFO
[1.478s] writing dependency_links to ../../build/bot_description/bot_description.egg-info/dependency_links.txt
[1.478s] writing entry points to ../../build/bot_description/bot_description.egg-info/entry_points.txt
[1.478s] writing requirements to ../../build/bot_description/bot_description.egg-info/requires.txt
[1.479s] writing top-level names to ../../build/bot_description/bot_description.egg-info/top_level.txt
[1.479s] writing manifest file '../../build/bot_description/bot_description.egg-info/SOURCES.txt'
[1.480s] reading manifest file '../../build/bot_description/bot_description.egg-info/SOURCES.txt'
[1.480s] adding license file 'LICENSE'
[1.481s] writing manifest file '../../build/bot_description/bot_description.egg-info/SOURCES.txt'
[1.481s] running build
[1.481s] running build_py
[1.481s] creating /home/anmol/anmol_ws/build/bot_description/build
[1.482s] creating /home/anmol/anmol_ws/build/bot_description/build/lib
[1.482s] creating /home/anmol/anmol_ws/build/bot_description/build/lib/bot_description
[1.482s] copying bot_description/__init__.py -> /home/anmol/anmol_ws/build/bot_description/build/lib/bot_description
[1.482s] running install
[1.482s] /usr/lib/python3/dist-packages/setuptools/command/install.py:34: SetuptoolsDeprecationWarning: setup.py install is deprecated. Use build and pip and other standards-based tools.
[1.482s]   warnings.warn(
[1.482s] running install_lib
[1.483s] creating /home/anmol/anmol_ws/install/bot_description/lib/python3.10/site-packages/bot_description
[1.483s] copying /home/anmol/anmol_ws/build/bot_description/build/lib/bot_description/__init__.py -> /home/anmol/anmol_ws/install/bot_description/lib/python3.10/site-packages/bot_description
[1.484s] byte-compiling /home/anmol/anmol_ws/install/bot_description/lib/python3.10/site-packages/bot_description/__init__.py to __init__.cpython-310.pyc
[1.484s] running install_data
[1.485s] creating /home/anmol/anmol_ws/install/bot_description/share/ament_index
[1.485s] creating /home/anmol/anmol_ws/install/bot_description/share/ament_index/resource_index
[1.485s] creating /home/anmol/anmol_ws/install/bot_description/share/ament_index/resource_index/packages
[1.485s] copying resource/bot_description -> /home/anmol/anmol_ws/install/bot_description/share/ament_index/resource_index/packages
[1.485s] copying package.xml -> /home/anmol/anmol_ws/install/bot_description/share/bot_description
[1.485s] creating /home/anmol/anmol_ws/install/bot_description/share/bot_description/urdf
[1.485s] copying urdf/bot.urdf -> /home/anmol/anmol_ws/install/bot_description/share/bot_description/urdf
[1.486s] creating /home/anmol/anmol_ws/install/bot_description/share/bot_description/launch
[1.486s] copying launch/rviz.launch.py -> /home/anmol/anmol_ws/install/bot_description/share/bot_description/launch
[1.486s] running install_egg_info
[1.488s] Copying ../../build/bot_description/bot_description.egg-info to /home/anmol/anmol_ws/install/bot_description/lib/python3.10/site-packages/bot_description-0.0.0-py3.10.egg-info
[1.489s] running install_scripts
[1.515s] writing list of installed files to '/home/anmol/anmol_ws/build/bot_description/install.log'
[1.550s] Invoked command in '/home/anmol/anmol_ws/src/bot_description' returned '0': PYTHONPATH=/home/anmol/anmol_ws/build/bot_description/prefix_override:/home/anmol/anmol_ws/install/bot_description/lib/python3.10/site-packages:${PYTHONPATH} /usr/bin/python3 setup.py egg_info --egg-base ../../build/bot_description build --build-base /home/anmol/anmol_ws/build/bot_description/build install --record /home/anmol/anmol_ws/build/bot_description/install.log --single-version-externally-managed
