running egg_info
writing ../../build/bot_world/bot_world.egg-info/PKG-INFO
writing dependency_links to ../../build/bot_world/bot_world.egg-info/dependency_links.txt
writing entry points to ../../build/bot_world/bot_world.egg-info/entry_points.txt
writing requirements to ../../build/bot_world/bot_world.egg-info/requires.txt
writing top-level names to ../../build/bot_world/bot_world.egg-info/top_level.txt
reading manifest file '../../build/bot_world/bot_world.egg-info/SOURCES.txt'
writing manifest file '../../build/bot_world/bot_world.egg-info/SOURCES.txt'
running build
running build_py
running install
/usr/lib/python3/dist-packages/setuptools/command/install.py:34: SetuptoolsDeprecationWarning: setup.py install is deprecated. Use build and pip and other standards-based tools.
  warnings.warn(
running install_lib
running install_data
creating /home/anmol/anmol_ws/install/bot_world/share/bot_world/worlds
copying worlds/world_bot.world -> /home/anmol/anmol_ws/install/bot_world/share/bot_world/worlds
running install_egg_info
removing '/home/anmol/anmol_ws/install/bot_world/lib/python3.10/site-packages/bot_world-0.0.0-py3.10.egg-info' (and everything under it)
Copying ../../build/bot_world/bot_world.egg-info to /home/anmol/anmol_ws/install/bot_world/lib/python3.10/site-packages/bot_world-0.0.0-py3.10.egg-info
running install_scripts
writing list of installed files to '/home/anmol/anmol_ws/build/bot_world/install.log'
